*** Starting uWSGI 2.0.18 (64bit) on [Fri May 15 12:25:51 2020] ***
compiled with version: 7.3.0 on 12 May 2020 20:20:41
os: Linux-4.4.0-176-generic #206-Ubuntu SMP Fri Feb 28 05:02:04 UTC 2020
nodename: FireGame
machine: x86_64
clock source: unix
pcre jit disabled
detected number of CPU cores: 4
current working directory: /root/Projects/automation
detected binary path: /root/miniconda3/envs/automation/bin/uwsgi
uWSGI running as root, you can use --uid/--gid/--chroot options
*** WARNING: you are running uWSGI as root !!! (use the --uid flag) *** 
chdir() to /root/Projects/automation
your processes number limit is 64032
your memory page size is 4096 bytes
detected max file descriptor number: 65535
lock engine: pthread robust mutexes
thunder lock: disabled (you can enable it with --thunder-lock)
uwsgi socket 0 bound to TCP address 127.0.0.1:9000 fd 3
uwsgi socket 1 bound to UNIX address /root/Projects/automation/automation.sock fd 4
uWSGI running as root, you can use --uid/--gid/--chroot options
*** WARNING: you are running uWSGI as root !!! (use the --uid flag) *** 
Python version: 3.7.6 | packaged by conda-forge | (default, Mar 23 2020, 23:03:20)  [GCC 7.3.0]
Set PythonHome to /root/miniconda3/envs/automation
*** Python threads support is disabled. You can enable it with --enable-threads ***
Python main interpreter initialized at 0x55ded7f9a990
uWSGI running as root, you can use --uid/--gid/--chroot options
*** WARNING: you are running uWSGI as root !!! (use the --uid flag) *** 
your server socket listen backlog is limited to 100 connections
your mercy for graceful operations on workers is 60 seconds
mapped 802120 bytes (783 KB) for 10 cores
*** Operational MODE: preforking ***
WSGI app 0 (mountpoint='') ready in 0 seconds on interpreter 0x55ded7f9a990 pid: 15072 (default app)
uWSGI running as root, you can use --uid/--gid/--chroot options
*** WARNING: you are running uWSGI as root !!! (use the --uid flag) *** 
*** uWSGI is running in multiple interpreter mode ***
spawned uWSGI master process (pid: 15072)
spawned uWSGI worker 1 (pid: 15074, cores: 1)
writing pidfile to /root/Projects/automation/project-master.pid
spawned uWSGI worker 2 (pid: 15075, cores: 1)
writing pidfile to /root/Projects/automation/project-master.pid
spawned uWSGI worker 3 (pid: 15076, cores: 1)
writing pidfile to /root/Projects/automation/project-master.pid
spawned uWSGI worker 4 (pid: 15077, cores: 1)
writing pidfile to /root/Projects/automation/project-master.pid
spawned uWSGI worker 5 (pid: 15078, cores: 1)
writing pidfile to /root/Projects/automation/project-master.pid
spawned uWSGI worker 6 (pid: 15079, cores: 1)
writing pidfile to /root/Projects/automation/project-master.pid
spawned uWSGI worker 7 (pid: 15080, cores: 1)
writing pidfile to /root/Projects/automation/project-master.pid
spawned uWSGI worker 8 (pid: 15081, cores: 1)
writing pidfile to /root/Projects/automation/project-master.pid
spawned uWSGI worker 9 (pid: 15082, cores: 1)
writing pidfile to /root/Projects/automation/project-master.pid
spawned uWSGI worker 10 (pid: 15083, cores: 1)
writing pidfile to /root/Projects/automation/project-master.pid
writing pidfile to /root/Projects/automation/project-master.pid
*** Stats server enabled on 127.0.0.1:9001 fd: 30 ***
invalid request block size: 5235 (max 4096)...skip
invalid request block size: 5235 (max 4096)...skip
SIGINT/SIGQUIT received...killing workers...
worker 1 buried after 1 seconds
worker 2 buried after 1 seconds
worker 3 buried after 1 seconds
worker 4 buried after 1 seconds
worker 5 buried after 1 seconds
worker 6 buried after 1 seconds
worker 7 buried after 1 seconds
worker 8 buried after 1 seconds
worker 9 buried after 1 seconds
worker 10 buried after 1 seconds
goodbye to uWSGI.
VACUUM: safe pidfile removed.
VACUUM: unix socket /root/Projects/automation/automation.sock removed.
*** Starting uWSGI 2.0.18 (64bit) on [Fri May 15 13:37:26 2020] ***
compiled with version: 7.3.0 on 12 May 2020 20:20:41
os: Linux-4.4.0-176-generic #206-Ubuntu SMP Fri Feb 28 05:02:04 UTC 2020
nodename: FireGame
machine: x86_64
clock source: unix
pcre jit disabled
detected number of CPU cores: 4
current working directory: /root/Projects/automation
detected binary path: /root/miniconda3/envs/automation/bin/uwsgi
uWSGI running as root, you can use --uid/--gid/--chroot options
*** WARNING: you are running uWSGI as root !!! (use the --uid flag) *** 
chdir() to /root/Projects/automation
your processes number limit is 64032
your memory page size is 4096 bytes
detected max file descriptor number: 65535
lock engine: pthread robust mutexes
thunder lock: disabled (you can enable it with --thunder-lock)
uWSGI http bound on :9000 fd 3
uwsgi socket 0 bound to UNIX address /root/Projects/automation/automation.sock fd 6
uWSGI running as root, you can use --uid/--gid/--chroot options
*** WARNING: you are running uWSGI as root !!! (use the --uid flag) *** 
Python version: 3.7.6 | packaged by conda-forge | (default, Mar 23 2020, 23:03:20)  [GCC 7.3.0]
Set PythonHome to /root/miniconda3/envs/automation
*** Python threads support is disabled. You can enable it with --enable-threads ***
Python main interpreter initialized at 0x55a0e17c9430
uWSGI running as root, you can use --uid/--gid/--chroot options
*** WARNING: you are running uWSGI as root !!! (use the --uid flag) *** 
your server socket listen backlog is limited to 100 connections
your mercy for graceful operations on workers is 60 seconds
mapped 364600 bytes (356 KB) for 4 cores
*** Operational MODE: preforking ***
WSGI app 0 (mountpoint='') ready in 0 seconds on interpreter 0x55a0e17c9430 pid: 15401 (default app)
uWSGI running as root, you can use --uid/--gid/--chroot options
*** WARNING: you are running uWSGI as root !!! (use the --uid flag) *** 
*** uWSGI is running in multiple interpreter mode ***
spawned uWSGI master process (pid: 15401)
spawned uWSGI worker 1 (pid: 15403, cores: 1)
writing pidfile to /root/Projects/automation/project-master.pid
spawned uWSGI worker 2 (pid: 15404, cores: 1)
writing pidfile to /root/Projects/automation/project-master.pid
spawned uWSGI worker 3 (pid: 15405, cores: 1)
writing pidfile to /root/Projects/automation/project-master.pid
spawned uWSGI worker 4 (pid: 15406, cores: 1)
writing pidfile to /root/Projects/automation/project-master.pid
writing pidfile to /root/Projects/automation/project-master.pid
*** Stats server enabled on 127.0.0.1:9001 fd: 20 ***
spawned uWSGI http 1 (pid: 15407)
SIGINT/SIGQUIT received...killing workers...
gateway "uWSGI http 1" has been buried (pid: 15407)
worker 1 buried after 1 seconds
worker 2 buried after 1 seconds
worker 3 buried after 1 seconds
worker 4 buried after 1 seconds
goodbye to uWSGI.
VACUUM: safe pidfile removed.
VACUUM: unix socket /root/Projects/automation/automation.sock removed.
